<?xml version="1.0" encoding="UTF-8"?>
<!-- Generated by org.testng.reporters.JUnitXMLReporter -->
<testsuite hostname="DESKTOP-AALL9QS" name="Test" tests="4" failures="1" timestamp="1 Oct 2020 15:31:45 GMT" time="7.121" errors="0">
  <testcase name="Testlogin" time="0.967" classname="testscripts.Testloginpage"/>
  <testcase name="compose" time="0.006" classname="testscripts.Depends">
    <failure type="java.lang.AssertionError" message="null">
      <![CDATA[java.lang.AssertionError: null
	at testscripts.Depends.compose(Depends.java:12)
... Removed 26 stack frames]]>
    </failure>
  </testcase> <!-- compose -->
  <testcase name="trash" time="0.0" classname="testscripts.Depends"/>
  <testcase name="sentitems" time="0.0" classname="testscripts.Depends">
    <skipped/>
  </testcase> <!-- sentitems -->
</testsuite> <!-- Test -->
